# JRE version: OpenJDK Runtime Environment (11.0.12+7) (build 11.0.12+7-b1504.28-7817840)
# Java VM: OpenJDK 64-Bit Server VM (11.0.12+7-b1504.28-7817840, mixed mode, tiered, compressed oops, g1 gc, windows-amd64)
Heap:
 garbage-first heap   total 1047552K, used 166695K [0x0000000080000000, 0x0000000100000000)
  region size 1024K, 3 young (3072K), 3 survivors (3072K)
 Metaspace       used 122509K, capacity 125824K, committed 126080K, reserved 1159168K
  class space    used 15409K, capacity 16651K, committed 16768K, reserved 1048576K
GC Heap History (20 events):
Event: 1354.711 GC heap after
{Heap after GC invocations=131 (full 0):
 garbage-first heap   total 369664K, used 111718K [0x0000000080000000, 0x0000000100000000)
  region size 1024K, 2 young (2048K), 2 survivors (2048K)
 Metaspace       used 121887K, capacity 125079K, committed 125184K, reserved 1157120K
  class space    used 15338K, capacity 16570K, committed 16640K, reserved 1048576K
}
Event: 1354.942 GC heap before
{Heap before GC invocations=131 (full 0):
 garbage-first heap   total 369664K, used 133222K [0x0000000080000000, 0x0000000100000000)
  region size 1024K, 18 young (18432K), 2 survivors (2048K)
 Metaspace       used 121917K, capacity 125218K, committed 125440K, reserved 1159168K
  class space    used 15341K, capacity 16573K, committed 16640K, reserved 1048576K
}
Event: 1354.954 GC heap after
{Heap after GC invocations=132 (full 0):
 garbage-first heap   total 369664K, used 105997K [0x0000000080000000, 0x0000000100000000)
  region size 1024K, 3 young (3072K), 3 survivors (3072K)
 Metaspace       used 121917K, capacity 125218K, committed 125440K, reserved 1159168K
  class space    used 15341K, capacity 16573K, committed 16640K, reserved 1048576K
}
Event: 1356.497 GC heap before
{Heap before GC invocations=132 (full 0):
 garbage-first heap   total 369664K, used 127501K [0x0000000080000000, 0x0000000100000000)
  region size 1024K, 24 young (24576K), 3 survivors (3072K)
 Metaspace       used 121925K, capacity 125220K, committed 125440K, reserved 1159168K
  class space    used 15341K, capacity 16574K, committed 16640K, reserved 1048576K
}
Event: 1356.549 GC heap after
{Heap after GC invocations=133 (full 0):
 garbage-first heap   total 369664K, used 109871K [0x0000000080000000, 0x0000000100000000)
  region size 1024K, 3 young (3072K), 3 survivors (3072K)
 Metaspace       used 121925K, capacity 125220K, committed 125440K, reserved 1159168K
  class space    used 15341K, capacity 16574K, committed 16640K, reserved 1048576K
}
Event: 1357.735 GC heap before
{Heap before GC invocations=134 (full 0):
 garbage-first heap   total 369664K, used 181551K [0x0000000080000000, 0x0000000100000000)
  region size 1024K, 74 young (75776K), 3 survivors (3072K)
 Metaspace       used 122122K, capacity 125486K, committed 125696K, reserved 1159168K
  class space    used 15361K, capacity 16617K, committed 16640K, reserved 1048576K
}
Event: 1357.935 GC heap after
{Heap after GC invocations=135 (full 0):
 garbage-first heap   total 369664K, used 130192K [0x0000000080000000, 0x0000000100000000)
  region size 1024K, 10 young (10240K), 10 survivors (10240K)
 Metaspace       used 122122K, capacity 125486K, committed 125696K, reserved 1159168K
  class space    used 15361K, capacity 16617K, committed 16640K, reserved 1048576K
}
Event: 1358.089 GC heap before
{Heap before GC invocations=135 (full 0):
 garbage-first heap   total 369664K, used 149648K [0x0000000080000000, 0x0000000100000000)
  region size 1024K, 30 young (30720K), 10 survivors (10240K)
 Metaspace       used 122179K, capacity 125504K, committed 125696K, reserved 1159168K
  class space    used 15366K, capacity 16623K, committed 16640K, reserved 1048576K
}
Event: 1358.137 GC heap after
{Heap after GC invocations=136 (full 0):
 garbage-first heap   total 369664K, used 133617K [0x0000000080000000, 0x0000000100000000)
  region size 1024K, 4 young (4096K), 4 survivors (4096K)
 Metaspace       used 122179K, capacity 125504K, committed 125696K, reserved 1159168K
  class space    used 15366K, capacity 16623K, committed 16640K, reserved 1048576K
}
Event: 1363.042 GC heap before
{Heap before GC invocations=137 (full 0):
 garbage-first heap   total 369664K, used 174577K [0x0000000080000000, 0x0000000100000000)
  region size 1024K, 44 young (45056K), 4 survivors (4096K)
 Metaspace       used 122418K, capacity 125765K, committed 126080K, reserved 1159168K
  class space    used 15403K, capacity 16653K, committed 16768K, reserved 1048576K
}
Event: 1363.148 GC heap after
{Heap after GC invocations=138 (full 0):
 garbage-first heap   total 369664K, used 143222K [0x0000000080000000, 0x0000000100000000)
  region size 1024K, 6 young (6144K), 6 survivors (6144K)
 Metaspace       used 122418K, capacity 125765K, committed 126080K, reserved 1159168K
  class space    used 15403K, capacity 16653K, committed 16768K, reserved 1048576K
}
Event: 1363.209 GC heap before
{Heap before GC invocations=138 (full 0):
 garbage-first heap   total 369664K, used 155510K [0x0000000080000000, 0x0000000100000000)
  region size 1024K, 18 young (18432K), 6 survivors (6144K)
 Metaspace       used 122461K, capacity 125829K, committed 126080K, reserved 1159168K
  class space    used 15406K, capacity 16653K, committed 16768K, reserved 1048576K
}
Event: 1363.868 GC heap after
{Heap after GC invocations=139 (full 0):
 garbage-first heap   total 369664K, used 144384K [0x0000000080000000, 0x0000000100000000)
  region size 1024K, 3 young (3072K), 3 survivors (3072K)
 Metaspace       used 122461K, capacity 125829K, committed 126080K, reserved 1159168K
  class space    used 15406K, capacity 16653K, committed 16768K, reserved 1048576K
}
Event: 1364.006 GC heap before
{Heap before GC invocations=139 (full 0):
 garbage-first heap   total 369664K, used 159744K [0x0000000080000000, 0x0000000100000000)
  region size 1024K, 18 young (18432K), 3 survivors (3072K)
 Metaspace       used 122499K, capacity 125835K, committed 126080K, reserved 1159168K
  class space    used 15409K, capacity 16655K, committed 16768K, reserved 1048576K
}
Event: 1364.218 GC heap after
{Heap after GC invocations=140 (full 0):
 garbage-first heap   total 369664K, used 147824K [0x0000000080000000, 0x0000000100000000)
  region size 1024K, 3 young (3072K), 3 survivors (3072K)
 Metaspace       used 122499K, capacity 125835K, committed 126080K, reserved 1159168K
  class space    used 15409K, capacity 16655K, committed 16768K, reserved 1048576K
}
Event: 1365.109 GC heap before
{Heap before GC invocations=140 (full 0):
 garbage-first heap   total 369664K, used 211312K [0x0000000080000000, 0x0000000100000000)
  region size 1024K, 65 young (66560K), 3 survivors (3072K)
 Metaspace       used 122502K, capacity 125815K, committed 126080K, reserved 1159168K
  class space    used 15407K, capacity 16648K, committed 16768K, reserved 1048576K
}
Event: 1365.621 GC heap after
{Heap after GC invocations=141 (full 0):
 garbage-first heap   total 369664K, used 159477K [0x0000000080000000, 0x0000000100000000)
  region size 1024K, 9 young (9216K), 9 survivors (9216K)
 Metaspace       used 122502K, capacity 125815K, committed 126080K, reserved 1159168K
  class space    used 15407K, capacity 16648K, committed 16768K, reserved 1048576K
}
Event: 1365.746 GC heap before
{Heap before GC invocations=141 (full 0):
 garbage-first heap   total 369664K, used 171765K [0x0000000080000000, 0x0000000100000000)
  region size 1024K, 22 young (22528K), 9 survivors (9216K)
 Metaspace       used 122502K, capacity 125815K, committed 126080K, reserved 1159168K
  class space    used 15407K, capacity 16648K, committed 16768K, reserved 1048576K
}
Event: 1366.907 GC heap after
{Heap after GC invocations=142 (full 0):
 garbage-first heap   total 369664K, used 163048K [0x0000000080000000, 0x0000000100000000)
  region size 1024K, 3 young (3072K), 3 survivors (3072K)
 Metaspace       used 122502K, capacity 125815K, committed 126080K, reserved 1159168K
  class space    used 15407K, capacity 16648K, committed 16768K, reserved 1048576K
}
Event: 1367.009 GC heap before
{Heap before GC invocations=142 (full 0):
 garbage-first heap   total 369664K, used 178408K [0x0000000080000000, 0x0000000100000000)
  region size 1024K, 18 young (18432K), 3 survivors (3072K)
 Metaspace       used 122509K, capacity 125824K, committed 126080K, reserved 1159168K
  class space    used 15409K, capacity 16651K, committed 16768K, reserved 1048576K
}

